Running script with the following parameters: model_name: rbclusmvo, long_only: True, mean_cov_estimator: cbb, alpha: 0.95
[-0.95  0.11  0.4   0.7   0.78  0.87  0.93  0.94  0.95  0.97  0.97  0.98
  0.98  0.99  0.99  0.99  0.99  0.99  1.    1.04]
[-0.94 -0.03  0.6   0.69  0.79  0.85  0.9   0.92  0.94  0.95  0.96  0.98
  0.98  0.98  0.99  0.99  0.99  1.    1.    1.02]
[-0.96  0.04  0.66  0.78  0.85  0.89  0.91  0.93  0.96  0.96  0.97  0.97
  0.98  0.98  0.99  0.99  0.99  1.    1.    1.02]
[-0.95  0.09  0.56  0.63  0.78  0.88  0.89  0.91  0.97  0.97  0.98  0.98
  0.98  0.99  0.99  0.99  0.99  1.    1.03  1.06]
[-0.95  0.04  0.64  0.7   0.8   0.87  0.93  0.94  0.95  0.96  0.96  0.97
  0.98  0.99  0.99  0.99  0.99  1.    1.01  1.02]
[-0.95  0.2   0.39  0.68  0.81  0.9   0.92  0.94  0.95  0.96  0.98  0.98
  0.98  0.98  0.98  0.99  0.99  1.    1.01  1.05]
[-0.94  0.2   0.45  0.77  0.87  0.92  0.93  0.94  0.95  0.97  0.97  0.98
  0.98  0.99  0.99  0.99  0.99  1.    1.    1.05]
[-0.93  0.23  0.24  0.68  0.86  0.91  0.92  0.96  0.96  0.97  0.98  0.98
  0.98  0.99  0.99  0.99  0.99  1.    1.01  1.08]
[-0.94  0.01  0.6   0.69  0.78  0.87  0.91  0.92  0.95  0.95  0.97  0.98
  0.98  0.99  0.99  0.99  0.99  1.    1.02  1.03]
[-0.93  0.05  0.46  0.71  0.79  0.87  0.91  0.92  0.94  0.96  0.97  0.98
  0.98  0.98  0.99  0.99  0.99  0.99  1.    1.03]
[-0.95  0.1   0.64  0.72  0.84  0.88  0.93  0.93  0.95  0.95  0.96  0.97
  0.98  0.98  0.99  0.99  0.99  1.    1.    1.02]
[-0.95  0.14  0.42  0.75  0.83  0.88  0.92  0.94  0.95  0.96  0.97  0.97
  0.98  0.98  0.99  0.99  0.99  0.99  1.    1.04]
[-0.96 -0.07  0.5   0.59  0.78  0.82  0.92  0.93  0.95  0.96  0.97  0.98
  0.98  0.98  0.99  0.99  0.99  1.    1.    1.01]
[-0.96  0.2   0.34  0.74  0.82  0.88  0.93  0.95  0.96  0.96  0.97  0.98
  0.98  0.99  0.99  0.99  0.99  1.    1.    1.05]
[-0.94  0.07  0.31  0.75  0.83  0.87  0.9   0.94  0.96  0.96  0.97  0.97
  0.98  0.99  0.99  0.99  0.99  0.99  1.    1.05]
[-0.92 -0.11  0.51  0.64  0.73  0.85  0.89  0.91  0.93  0.95  0.97  0.98
  0.98  0.99  0.99  0.99  1.    1.    1.02  1.04]
[-0.95  0.22  0.52  0.78  0.86  0.92  0.94  0.94  0.95  0.97  0.97  0.97
  0.98  0.98  0.99  0.99  0.99  1.    1.    1.04]
[-0.96 -0.08  0.49  0.73  0.77  0.86  0.92  0.94  0.96  0.96  0.97  0.97
  0.98  0.98  0.99  0.99  0.99  0.99  1.    1.01]
[-0.95  0.16  0.54  0.71  0.86  0.91  0.93  0.94  0.95  0.96  0.97  0.98
  0.98  0.98  0.99  0.99  0.99  1.    1.    1.03]
[-0.95  0.02  0.57  0.75  0.79  0.87  0.91  0.93  0.95  0.96  0.96  0.97
  0.98  0.98  0.98  0.99  0.99  0.99  1.    1.03]
[-0.94 -0.    0.54  0.69  0.74  0.85  0.9   0.91  0.94  0.96  0.97  0.98
  0.98  0.98  0.99  0.99  0.99  1.    1.01  1.03]
[-0.94  0.1   0.56  0.68  0.82  0.89  0.91  0.93  0.95  0.96  0.97  0.98
  0.98  0.98  0.99  0.99  0.99  1.    1.01  1.03]
[-0.95  0.12  0.47  0.77  0.8   0.89  0.93  0.94  0.94  0.95  0.97  0.98
  0.98  0.98  0.98  0.99  0.99  0.99  1.    1.04]
[-0.94  0.05  0.5   0.73  0.83  0.87  0.91  0.92  0.93  0.96  0.97  0.97
  0.97  0.98  0.99  0.99  0.99  0.99  1.    1.03]
[-0.92  0.07  0.27  0.62  0.82  0.83  0.88  0.94  0.95  0.97  0.97  0.98
  0.98  0.99  0.99  1.    1.    1.01  1.03  1.08]
[-0.95 -0.08  0.54  0.69  0.76  0.88  0.91  0.94  0.95  0.96  0.96  0.97
  0.98  0.98  0.98  0.99  0.99  1.    1.    1.02]
[-0.95 -0.    0.38  0.69  0.74  0.87  0.9   0.93  0.95  0.96  0.97  0.98
  0.98  0.98  0.99  0.99  0.99  1.    1.01  1.05]
[-0.96  0.13  0.53  0.75  0.81  0.86  0.92  0.95  0.96  0.97  0.97  0.98
  0.98  0.99  0.99  0.99  0.99  0.99  1.    1.04]
[-0.93 -0.06  0.46  0.62  0.73  0.87  0.9   0.92  0.94  0.96  0.97  0.98
  0.98  0.98  0.99  0.99  0.99  1.    1.03  1.04]
[-0.94  0.15  0.48  0.76  0.86  0.91  0.92  0.93  0.96  0.96  0.97  0.98
  0.99  0.99  0.99  0.99  0.99  1.    1.    1.04]
[-0.96  0.    0.65  0.7   0.8   0.87  0.92  0.93  0.95  0.96  0.97  0.98
  0.98  0.98  0.99  0.99  0.99  1.    1.    1.02]
[-0.94 -0.01  0.45  0.69  0.81  0.88  0.92  0.93  0.95  0.96  0.97  0.98
  0.98  0.98  0.99  0.99  0.99  1.    1.03  1.04]
[-0.95  0.13  0.53  0.79  0.88  0.91  0.93  0.93  0.95  0.96  0.97  0.97
  0.98  0.98  0.99  0.99  0.99  1.    1.    1.03]
[-0.96  0.18  0.46  0.74  0.84  0.89  0.93  0.95  0.95  0.97  0.97  0.98
  0.98  0.98  0.99  0.99  0.99  0.99  1.    1.04]
[-0.96 -0.01  0.52  0.64  0.8   0.87  0.91  0.93  0.96  0.97  0.97  0.97
  0.98  0.98  0.99  0.99  0.99  1.    1.01  1.04]
[-0.94  0.12  0.52  0.8   0.82  0.89  0.92  0.93  0.96  0.96  0.97  0.98
  0.98  0.99  0.99  0.99  0.99  1.    1.    1.03]
[-0.94 -0.04  0.59  0.64  0.78  0.88  0.91  0.93  0.94  0.95  0.96  0.98
  0.98  0.98  0.98  0.99  0.99  1.    1.02  1.03]
[-0.95 -0.01  0.46  0.65  0.75  0.86  0.91  0.93  0.95  0.96  0.97  0.98
  0.98  0.98  0.99  0.99  0.99  1.    1.01  1.04]
[-0.94  0.13  0.45  0.63  0.76  0.89  0.91  0.93  0.96  0.97  0.97  0.98
  0.98  0.98  0.99  0.99  1.    1.    1.04  1.05]
[-0.94  0.07  0.54  0.74  0.85  0.89  0.92  0.93  0.95  0.96  0.97  0.97
  0.98  0.98  0.99  0.99  0.99  1.    1.    1.03]
[-0.94  0.11  0.42  0.79  0.88  0.89  0.91  0.95  0.96  0.97  0.97  0.98
  0.98  0.98  0.98  0.99  0.99  1.    1.    1.05]
[-0.95  0.05  0.54  0.72  0.78  0.87  0.91  0.94  0.95  0.96  0.97  0.97
  0.98  0.98  0.99  0.99  0.99  0.99  1.    1.03]
[-0.95 -0.1   0.52  0.72  0.81  0.87  0.9   0.93  0.96  0.96  0.97  0.98
  0.98  0.99  0.99  0.99  0.99  1.    1.    1.01]
[-0.92  0.03  0.32  0.51  0.8   0.82  0.9   0.93  0.96  0.97  0.98  0.98
  0.99  0.99  0.99  0.99  1.    1.02  1.03  1.07]
[-0.93  0.12  0.41  0.75  0.8   0.86  0.92  0.92  0.96  0.96  0.97  0.98
  0.98  0.99  0.99  0.99  1.    1.    1.    1.04]
[-0.94  0.09  0.42  0.63  0.78  0.89  0.92  0.95  0.96  0.97  0.97  0.98
  0.98  0.98  0.99  0.99  0.99  1.    1.03  1.05]
[-0.96  0.13  0.56  0.78  0.81  0.88  0.93  0.94  0.95  0.96  0.96  0.97
  0.97  0.98  0.98  0.99  0.99  0.99  1.    1.03]
[-0.96 -0.03  0.58  0.78  0.82  0.88  0.92  0.93  0.95  0.96  0.96  0.97
  0.98  0.98  0.98  0.99  0.99  0.99  1.    1.02]
[-0.96 -0.14  0.57  0.68  0.78  0.84  0.9   0.93  0.94  0.96  0.96  0.98
  0.98  0.98  0.99  0.99  0.99  1.    1.    1.01]
[-0.96 -0.06  0.48  0.68  0.77  0.86  0.91  0.94  0.95  0.96  0.97  0.97
  0.98  0.98  0.99  0.99  0.99  0.99  1.    1.02]
[-0.93  0.    0.43  0.6   0.7   0.87  0.91  0.93  0.94  0.96  0.97  0.98
  0.98  0.99  0.99  0.99  1.    1.    1.03  1.04]
[-0.95  0.16  0.43  0.61  0.83  0.85  0.92  0.94  0.97  0.97  0.98  0.98
  0.99  0.99  0.99  0.99  0.99  1.    1.02  1.05]
[-0.96  0.19  0.58  0.77  0.87  0.91  0.94  0.94  0.95  0.97  0.97  0.97
  0.98  0.98  0.99  0.99  0.99  0.99  1.    1.03]
[-0.96  0.18  0.53  0.76  0.81  0.9   0.93  0.95  0.96  0.96  0.97  0.97
  0.98  0.98  0.99  0.99  0.99  0.99  1.    1.04]
[-0.95 -0.01  0.64  0.68  0.82  0.88  0.92  0.92  0.95  0.95  0.95  0.97
  0.98  0.98  0.99  0.99  0.99  1.    1.    1.02]
[-0.95  0.11  0.6   0.71  0.83  0.88  0.92  0.94  0.95  0.96  0.97  0.97
  0.97  0.98  0.99  0.99  0.99  0.99  1.    1.02]
[-0.95  0.15  0.39  0.73  0.83  0.89  0.93  0.95  0.96  0.96  0.97  0.98
  0.98  0.98  0.98  0.99  0.99  0.99  1.    1.05]
[-0.95  0.14  0.47  0.71  0.81  0.9   0.93  0.94  0.95  0.96  0.97  0.97
  0.98  0.98  0.99  0.99  0.99  0.99  1.    1.04]
[-0.96  0.06  0.54  0.75  0.83  0.9   0.91  0.93  0.95  0.96  0.97  0.98
  0.98  0.99  0.99  0.99  0.99  1.    1.    1.03]
[-0.95  0.07  0.46  0.76  0.82  0.89  0.93  0.94  0.95  0.96  0.97  0.97
  0.97  0.99  0.99  0.99  0.99  0.99  1.    1.03]
[-0.95  0.03  0.61  0.68  0.82  0.88  0.91  0.92  0.94  0.95  0.97  0.98
  0.98  0.99  0.99  0.99  0.99  1.    1.02  1.02]
[-0.95 -0.06  0.58  0.69  0.75  0.88  0.9   0.93  0.95  0.96  0.97  0.97
  0.98  0.98  0.98  0.99  0.99  1.    1.01  1.03]
[-0.95  0.18  0.36  0.69  0.8   0.89  0.93  0.94  0.95  0.96  0.97  0.98
  0.98  0.98  0.99  0.99  0.99  1.    1.    1.04]
[-0.95  0.17  0.49  0.72  0.88  0.9   0.92  0.94  0.95  0.97  0.97  0.98
  0.98  0.98  0.99  0.99  0.99  0.99  1.    1.04]
[-0.92  0.12  0.2   0.65  0.74  0.89  0.9   0.94  0.96  0.97  0.97  0.98
  0.98  0.99  0.99  0.99  0.99  1.    1.01  1.06]
[-0.97  0.13  0.57  0.8   0.82  0.87  0.92  0.94  0.96  0.96  0.97  0.97
  0.98  0.98  0.99  0.99  0.99  0.99  1.    1.03]
[-0.94  0.08  0.39  0.73  0.84  0.89  0.91  0.94  0.96  0.97  0.97  0.98
  0.98  0.98  0.99  0.99  0.99  1.    1.    1.06]
[-0.95 -0.06  0.65  0.72  0.83  0.88  0.9   0.92  0.95  0.97  0.98  0.98
  0.98  0.99  0.99  0.99  0.99  1.    1.02  1.03]
[-0.95 -0.03  0.49  0.68  0.75  0.88  0.91  0.93  0.95  0.96  0.97  0.98
  0.98  0.98  0.99  0.99  0.99  1.    1.01  1.03]
[-0.95 -0.11  0.53  0.69  0.76  0.83  0.91  0.93  0.95  0.96  0.97  0.97
  0.98  0.98  0.99  0.99  0.99  1.    1.    1.01]
[-0.96 -0.14  0.49  0.75  0.79  0.84  0.91  0.94  0.95  0.95  0.96  0.97
  0.98  0.98  0.99  0.99  0.99  1.    1.    1.04]
[-0.93 -0.01  0.28  0.53  0.78  0.83  0.89  0.95  0.96  0.97  0.98  0.98
  0.98  0.99  0.99  0.99  1.    1.    1.01  1.06]
[-0.94 -0.01  0.52  0.69  0.74  0.84  0.9   0.91  0.93  0.96  0.97  0.97
  0.98  0.98  0.98  0.99  0.99  1.    1.    1.03]
[-0.95  0.12  0.46  0.72  0.84  0.88  0.93  0.95  0.96  0.97  0.98  0.98
  0.98  0.99  0.99  0.99  0.99  0.99  1.    1.04]
[-0.95  0.11  0.47  0.78  0.86  0.88  0.91  0.94  0.96  0.97  0.97  0.97
  0.98  0.98  0.99  0.99  0.99  0.99  1.    1.04]
[-0.96  0.01  0.51  0.58  0.78  0.82  0.92  0.93  0.96  0.97  0.98  0.98
  0.99  0.99  0.99  0.99  1.    1.    1.01  1.04]
[-0.95  0.09  0.5   0.58  0.79  0.87  0.9   0.92  0.96  0.97  0.97  0.98
  0.98  0.98  0.99  0.99  0.99  1.    1.03  1.05]
[-0.94  0.06  0.43  0.72  0.79  0.87  0.92  0.93  0.94  0.96  0.97  0.97
  0.98  0.98  0.98  0.99  0.99  0.99  1.    1.04]
[-0.95 -0.03  0.52  0.73  0.81  0.88  0.89  0.93  0.95  0.96  0.96  0.97
  0.97  0.98  0.99  0.99  0.99  0.99  1.    1.02]
[-0.94 -0.1   0.59  0.7   0.77  0.85  0.89  0.93  0.93  0.96  0.97  0.97
  0.98  0.98  0.99  0.99  0.99  1.    1.02  1.03]
[-0.96  0.08  0.56  0.79  0.83  0.89  0.93  0.94  0.96  0.97  0.97  0.97
  0.98  0.98  0.99  0.99  0.99  0.99  1.    1.03]
[-0.95 -0.14  0.49  0.7   0.74  0.85  0.89  0.93  0.94  0.96  0.96  0.97
  0.98  0.98  0.98  0.99  0.99  0.99  1.    1.01]
[-0.95 -0.03  0.61  0.74  0.81  0.88  0.91  0.92  0.94  0.96  0.97  0.97
  0.98  0.98  0.98  0.99  0.99  0.99  1.    1.03]
[-0.94  0.05  0.55  0.66  0.8   0.88  0.9   0.93  0.95  0.96  0.96  0.98
  0.98  0.98  0.99  0.99  1.    1.    1.01  1.03]
[-0.96  0.19  0.43  0.69  0.83  0.85  0.91  0.95  0.96  0.97  0.97  0.98
  0.98  0.99  0.99  0.99  0.99  0.99  1.    1.05]
[-0.94  0.14  0.49  0.66  0.86  0.9   0.92  0.94  0.95  0.97  0.97  0.98
  0.98  0.99  0.99  0.99  0.99  1.    1.    1.04]
[-0.95  0.09  0.56  0.72  0.85  0.89  0.92  0.93  0.95  0.96  0.97  0.97
  0.97  0.99  0.99  0.99  0.99  0.99  1.    1.03]
[-0.94  0.09  0.52  0.71  0.79  0.85  0.91  0.93  0.96  0.96  0.97  0.97
  0.98  0.99  0.99  0.99  0.99  1.    1.    1.03]
[-0.91  0.06  0.24  0.73  0.79  0.87  0.89  0.94  0.96  0.97  0.97  0.98
  0.98  0.98  0.99  0.99  1.    1.01  1.02  1.08]
[-0.91  0.12  0.29  0.7   0.84  0.92  0.93  0.94  0.95  0.97  0.97  0.98
  0.99  0.99  0.99  0.99  1.    1.    1.03  1.09]
[-0.95  0.04  0.44  0.74  0.82  0.88  0.92  0.93  0.95  0.96  0.97  0.97
  0.97  0.98  0.98  0.99  0.99  0.99  1.    1.04]
[-0.95  0.25  0.29  0.67  0.85  0.86  0.93  0.94  0.96  0.97  0.97  0.98
  0.98  0.99  0.99  0.99  0.99  1.    1.    1.06]
[-0.94  0.09  0.36  0.69  0.74  0.87  0.9   0.93  0.95  0.96  0.97  0.98
  0.99  0.99  0.99  0.99  1.    1.    1.    1.04]
[-0.97  0.01  0.48  0.76  0.8   0.83  0.92  0.95  0.95  0.96  0.97  0.98
  0.98  0.98  0.99  0.99  0.99  1.    1.    1.02]
[-0.96  0.03  0.56  0.77  0.82  0.86  0.92  0.94  0.95  0.96  0.97  0.97
  0.98  0.98  0.99  0.99  0.99  0.99  1.    1.03]
[-0.95  0.02  0.66  0.71  0.78  0.88  0.9   0.93  0.95  0.97  0.98  0.98
  0.98  0.99  0.99  0.99  0.99  1.    1.02  1.03]
[-0.95  0.15  0.53  0.76  0.86  0.89  0.93  0.94  0.95  0.96  0.97  0.98
  0.98  0.98  0.99  0.99  0.99  0.99  1.    1.03]
[-0.95  0.02  0.55  0.71  0.81  0.86  0.91  0.92  0.95  0.96  0.97  0.97
  0.98  0.98  0.99  0.99  0.99  0.99  1.    1.03]
[-0.93  0.01  0.31  0.6   0.7   0.88  0.89  0.94  0.94  0.96  0.97  0.98
  0.98  0.99  0.99  0.99  1.    1.01  1.03  1.05]
[-0.96  0.13  0.61  0.73  0.81  0.89  0.92  0.93  0.94  0.96  0.97  0.98
  0.98  0.98  0.99  0.99  0.99  0.99  1.    1.03]
[-0.96  0.07  0.51  0.75  0.83  0.87  0.91  0.94  0.96  0.96  0.97  0.97
  0.98  0.99  0.99  0.99  0.99  0.99  1.    1.04]
[-0.94 -0.11  0.52  0.64  0.74  0.86  0.89  0.91  0.94  0.96  0.97  0.98
  0.98  0.98  0.98  0.99  0.99  1.    1.02  1.04]
[-0.96  0.01  0.62  0.76  0.8   0.87  0.9   0.93  0.95  0.97  0.97  0.98
  0.98  0.98  0.99  0.99  0.99  1.    1.02  1.03]
[-0.94 -0.12  0.64  0.66  0.75  0.86  0.89  0.91  0.93  0.96  0.98  0.98
  0.98  0.98  0.99  0.99  1.    1.    1.01  1.03]
[-0.95  0.06  0.42  0.79  0.82  0.86  0.9   0.96  0.96  0.97  0.98  0.98
  0.98  0.99  0.99  0.99  0.99  0.99  1.    1.05]
[-0.96  0.23  0.41  0.76  0.84  0.89  0.93  0.95  0.95  0.97  0.97  0.98
  0.98  0.98  0.99  0.99  0.99  0.99  1.    1.04]
[-0.95  0.06  0.55  0.72  0.84  0.88  0.92  0.93  0.96  0.96  0.97  0.97
  0.98  0.98  0.99  0.99  0.99  1.    1.01  1.03]
[-0.96  0.12  0.52  0.77  0.83  0.89  0.93  0.94  0.96  0.97  0.97  0.98
  0.98  0.98  0.99  0.99  0.99  0.99  1.    1.04]
[-0.95  0.14  0.42  0.58  0.78  0.85  0.92  0.93  0.95  0.96  0.97  0.98
  0.99  0.99  0.99  0.99  1.    1.    1.01  1.05]
[-0.94  0.08  0.39  0.48  0.78  0.84  0.9   0.93  0.95  0.97  0.97  0.98
  0.99  0.99  0.99  0.99  1.    1.    1.04  1.06]
[-0.94  0.14  0.55  0.73  0.89  0.92  0.92  0.94  0.95  0.97  0.98  0.98
  0.98  0.99  0.99  0.99  0.99  1.    1.    1.04]
[-0.96  0.16  0.48  0.8   0.84  0.91  0.93  0.95  0.95  0.97  0.97  0.97
  0.98  0.98  0.99  0.99  0.99  0.99  1.    1.05]
[-0.96  0.22  0.47  0.6   0.82  0.87  0.91  0.93  0.96  0.97  0.98  0.98
  0.98  0.99  0.99  0.99  1.    1.    1.03  1.05]
[-0.95  0.09  0.43  0.79  0.84  0.88  0.89  0.96  0.96  0.97  0.98  0.98
  0.98  0.99  0.99  0.99  0.99  0.99  1.    1.05]
[-0.94  0.1   0.43  0.63  0.77  0.88  0.91  0.91  0.95  0.96  0.97  0.98
  0.98  0.98  0.99  0.99  0.99  1.    1.01  1.04]
[-0.94  0.28  0.3   0.68  0.86  0.88  0.91  0.95  0.96  0.97  0.98  0.98
  0.99  0.99  0.99  0.99  0.99  1.    1.01  1.08]
[-0.96  0.07  0.5   0.7   0.77  0.84  0.92  0.93  0.94  0.95  0.97  0.97
  0.98  0.98  0.98  0.99  0.99  0.99  1.    1.03]
[-0.95  0.06  0.61  0.71  0.85  0.87  0.92  0.93  0.95  0.96  0.96  0.97
  0.98  0.98  0.99  0.99  0.99  1.    1.    1.02]
[-0.95  0.08  0.58  0.75  0.87  0.89  0.93  0.94  0.95  0.96  0.96  0.97
  0.97  0.98  0.99  0.99  0.99  0.99  1.    1.03]
[-0.95 -0.03  0.62  0.71  0.74  0.87  0.91  0.93  0.94  0.96  0.97  0.97
  0.98  0.98  0.98  0.99  0.99  1.    1.02  1.02]
[-0.95  0.03  0.47  0.7   0.8   0.83  0.93  0.93  0.94  0.96  0.97  0.98
  0.98  0.98  0.99  0.99  0.99  0.99  1.    1.03]
[-0.95 -0.04  0.52  0.75  0.81  0.85  0.89  0.94  0.96  0.97  0.97  0.98
  0.98  0.98  0.99  0.99  0.99  1.    1.01  1.04]
[-0.93  0.15  0.37  0.71  0.81  0.91  0.94  0.95  0.95  0.97  0.97  0.98
  0.98  0.99  0.99  0.99  1.    1.    1.    1.05]
[-0.95 -0.17  0.57  0.72  0.74  0.81  0.91  0.93  0.93  0.96  0.97  0.98
  0.98  0.98  0.99  0.99  0.99  1.    1.    1.02]
[-0.95  0.13  0.6   0.71  0.83  0.88  0.93  0.93  0.95  0.96  0.97  0.97
  0.97  0.98  0.99  0.99  0.99  1.    1.    1.02]
[-0.94  0.22  0.36  0.79  0.86  0.92  0.93  0.94  0.95  0.97  0.97  0.98
  0.98  0.99  0.99  0.99  0.99  1.    1.    1.06]
[-0.95  0.16  0.41  0.73  0.85  0.88  0.92  0.95  0.96  0.97  0.98  0.98
  0.98  0.98  0.99  0.99  0.99  1.    1.    1.05]
[-0.96  0.01  0.62  0.68  0.78  0.87  0.89  0.94  0.95  0.97  0.97  0.97
  0.98  0.99  0.99  0.99  0.99  1.    1.03  1.04]
[-0.96  0.03  0.54  0.78  0.81  0.85  0.92  0.94  0.96  0.96  0.97  0.98
  0.98  0.98  0.99  0.99  0.99  0.99  1.    1.02]
[-0.96 -0.01  0.63  0.73  0.79  0.88  0.89  0.93  0.95  0.96  0.96  0.98
  0.98  0.98  0.99  0.99  0.99  1.    1.02  1.03]
[-0.95  0.21  0.55  0.77  0.85  0.92  0.92  0.94  0.96  0.97  0.97  0.97
  0.98  0.99  0.99  0.99  0.99  0.99  1.    1.03]
[-0.94  0.09  0.35  0.65  0.78  0.88  0.92  0.92  0.96  0.96  0.97  0.97
  0.98  0.98  0.99  0.99  0.99  0.99  1.    1.05]
[-0.94  0.06  0.45  0.65  0.8   0.84  0.9   0.93  0.96  0.97  0.97  0.98
  0.98  0.98  0.99  0.99  0.99  1.    1.    1.05]
[-0.96  0.1   0.41  0.72  0.79  0.87  0.92  0.95  0.96  0.97  0.97  0.98
  0.98  0.98  0.99  0.99  0.99  0.99  1.    1.05]
[-0.95  0.1   0.42  0.53  0.76  0.86  0.9   0.92  0.97  0.97  0.98  0.98
  0.98  0.98  0.99  0.99  0.99  1.    1.03  1.05]
[-0.94  0.17  0.48  0.75  0.86  0.93  0.94  0.95  0.95  0.97  0.97  0.97
  0.98  0.98  0.99  0.99  0.99  1.    1.    1.05]
[-0.94  0.12  0.38  0.63  0.8   0.87  0.91  0.95  0.95  0.96  0.97  0.98
  0.98  0.99  0.99  0.99  1.    1.    1.02  1.04]
[-0.95  0.09  0.56  0.73  0.84  0.86  0.92  0.93  0.94  0.96  0.97  0.97
  0.98  0.98  0.99  0.99  0.99  0.99  1.    1.03]
[-0.95  0.03  0.57  0.67  0.78  0.86  0.91  0.92  0.94  0.96  0.97  0.97
  0.98  0.98  0.99  0.99  0.99  1.    1.    1.03]
[-0.95 -0.04  0.52  0.7   0.75  0.86  0.88  0.91  0.94  0.96  0.97  0.97
  0.98  0.98  0.99  0.99  0.99  1.    1.01  1.02]
[-0.95  0.11  0.51  0.72  0.83  0.88  0.91  0.93  0.94  0.96  0.97  0.98
  0.98  0.98  0.99  0.99  0.99  1.    1.    1.04]
[-0.96 -0.05  0.56  0.76  0.81  0.86  0.92  0.93  0.96  0.96  0.97  0.97
  0.98  0.98  0.99  0.99  0.99  0.99  1.    1.03]
[-0.95  0.13  0.44  0.66  0.79  0.89  0.92  0.95  0.96  0.97  0.97  0.98
  0.98  0.99  0.99  0.99  0.99  1.    1.03  1.04]
[-0.95  0.11  0.39  0.77  0.86  0.88  0.91  0.95  0.96  0.97  0.97  0.98
  0.98  0.98  0.99  0.99  0.99  1.    1.    1.06]
[-0.94  0.12  0.34  0.66  0.77  0.9   0.91  0.95  0.95  0.97  0.97  0.98
  0.98  0.99  0.99  0.99  1.    1.    1.01  1.05]
[-0.96 -0.05  0.59  0.75  0.81  0.88  0.91  0.93  0.96  0.96  0.96  0.97
  0.98  0.98  0.99  0.99  0.99  0.99  1.    1.02]
[-0.93  0.18  0.35  0.67  0.82  0.9   0.94  0.95  0.96  0.96  0.97  0.98
  0.99  0.99  0.99  0.99  1.    1.01  1.02  1.06]
[-0.95 -0.04  0.51  0.73  0.77  0.84  0.91  0.94  0.94  0.96  0.97  0.97
  0.97  0.98  0.98  0.99  0.99  0.99  1.    1.03]
[-0.96  0.15  0.45  0.73  0.79  0.86  0.94  0.94  0.94  0.96  0.97  0.98
  0.98  0.98  0.98  0.99  0.99  0.99  1.    1.03]
[-0.93 -0.03  0.34  0.6   0.78  0.87  0.91  0.93  0.96  0.97  0.98  0.98
  0.98  0.99  0.99  0.99  0.99  1.    1.03  1.05]
[-0.95  0.22  0.41  0.59  0.78  0.88  0.92  0.94  0.96  0.97  0.97  0.98
  0.98  0.98  0.99  0.99  0.99  1.    1.02  1.05]
[-0.93 -0.08  0.49  0.64  0.74  0.86  0.91  0.91  0.94  0.96  0.98  0.98
  0.98  0.98  0.99  0.99  0.99  1.    1.03  1.04]
[-0.95  0.12  0.44  0.73  0.81  0.91  0.93  0.95  0.96  0.96  0.97  0.97
  0.98  0.98  0.99  0.99  0.99  1.    1.    1.04]
[-0.95 -0.    0.56  0.73  0.83  0.87  0.9   0.93  0.96  0.96  0.96  0.97
  0.98  0.98  0.99  0.99  0.99  0.99  1.    1.03]
[-0.95  0.12  0.59  0.73  0.87  0.88  0.92  0.93  0.95  0.96  0.97  0.98
  0.98  0.99  0.99  0.99  0.99  0.99  1.    1.03]
[-0.95  0.19  0.53  0.71  0.89  0.92  0.94  0.95  0.96  0.97  0.98  0.98
  0.98  0.99  0.99  0.99  0.99  1.    1.01  1.05]
[-0.95  0.16  0.49  0.75  0.85  0.89  0.92  0.95  0.95  0.96  0.97  0.97
  0.98  0.98  0.99  0.99  0.99  0.99  1.    1.03]
[-0.94  0.02  0.55  0.63  0.79  0.89  0.9   0.91  0.96  0.97  0.98  0.98
  0.99  0.99  0.99  0.99  1.    1.    1.03  1.06]
[-0.96  0.18  0.49  0.71  0.83  0.89  0.93  0.95  0.95  0.97  0.97  0.98
  0.98  0.99  0.99  0.99  0.99  0.99  1.    1.04]
[-0.95  0.14  0.59  0.74  0.86  0.9   0.93  0.93  0.96  0.97  0.97  0.98
  0.98  0.99  0.99  0.99  0.99  1.    1.    1.03]
[-0.94  0.13  0.55  0.79  0.82  0.87  0.92  0.93  0.96  0.96  0.97  0.98
  0.98  0.99  0.99  0.99  0.99  0.99  1.    1.03]
[-0.95 -0.09  0.45  0.68  0.75  0.85  0.91  0.92  0.95  0.96  0.97  0.98
  0.98  0.98  0.98  0.99  0.99  0.99  1.    1.02]
[-0.94  0.01  0.49  0.66  0.77  0.9   0.92  0.93  0.95  0.96  0.97  0.97
  0.98  0.98  0.99  0.99  0.99  1.    1.02  1.03]
[-0.95  0.09  0.5   0.75  0.82  0.9   0.93  0.93  0.95  0.96  0.97  0.98
  0.98  0.98  0.99  0.99  0.99  0.99  1.    1.03]
[-0.96 -0.1   0.48  0.73  0.75  0.86  0.91  0.93  0.94  0.96  0.96  0.98
  0.98  0.98  0.99  0.99  0.99  0.99  1.    1.02]
[-0.95  0.13  0.45  0.76  0.82  0.9   0.94  0.95  0.96  0.96  0.97  0.97
  0.98  0.98  0.99  0.99  0.99  0.99  1.    1.04]
[-0.96  0.01  0.53  0.77  0.8   0.84  0.92  0.94  0.96  0.97  0.97  0.98
  0.98  0.98  0.99  0.99  0.99  0.99  1.    1.02]
[-0.93 -0.02  0.37  0.53  0.75  0.88  0.9   0.94  0.95  0.97  0.97  0.98
  0.98  0.98  0.99  0.99  0.99  1.    1.04  1.05]
[-0.95 -0.13  0.64  0.71  0.74  0.87  0.9   0.91  0.94  0.96  0.97  0.98
  0.98  0.98  0.99  0.99  0.99  1.    1.01  1.03]
[-0.97 -0.01  0.57  0.72  0.81  0.85  0.9   0.95  0.96  0.97  0.97  0.98
  0.98  0.98  0.99  0.99  0.99  1.    1.    1.02]
[-0.95 -0.02  0.45  0.66  0.77  0.83  0.91  0.93  0.96  0.96  0.97  0.98
  0.98  0.98  0.99  0.99  0.99  1.    1.    1.04]
[-0.94 -0.03  0.48  0.68  0.81  0.89  0.89  0.93  0.95  0.97  0.97  0.98
  0.98  0.98  0.99  0.99  0.99  1.    1.03  1.04]
[-0.95  0.16  0.53  0.78  0.89  0.91  0.93  0.94  0.95  0.97  0.97  0.97
  0.98  0.98  0.99  0.99  0.99  1.    1.    1.04]
[-0.97  0.    0.62  0.79  0.81  0.88  0.91  0.95  0.96  0.97  0.97  0.97
  0.98  0.98  0.99  0.99  0.99  0.99  1.    1.02]
[-0.94  0.08  0.55  0.72  0.85  0.89  0.93  0.94  0.95  0.96  0.96  0.97
  0.98  0.98  0.99  0.99  0.99  1.    1.    1.03]
[-0.93  0.03  0.57  0.68  0.81  0.86  0.9   0.93  0.94  0.96  0.96  0.98
  0.98  0.98  0.99  0.99  0.99  1.    1.01  1.03]
[-0.96  0.1   0.6   0.75  0.83  0.89  0.92  0.94  0.96  0.97  0.97  0.98
  0.98  0.98  0.99  0.99  0.99  1.    1.01  1.03]
[-0.94 -0.07  0.53  0.73  0.75  0.84  0.9   0.91  0.94  0.96  0.97  0.97
  0.98  0.98  0.99  0.99  0.99  0.99  1.    1.02]
[-0.96  0.17  0.53  0.75  0.84  0.87  0.93  0.95  0.96  0.96  0.98  0.98
  0.98  0.99  0.99  0.99  0.99  0.99  1.    1.03]
[-0.94  0.05  0.56  0.72  0.8   0.89  0.93  0.93  0.95  0.96  0.97  0.98
  0.98  0.98  0.99  0.99  1.    1.    1.01  1.03]
[-0.94  0.05  0.41  0.73  0.78  0.88  0.92  0.93  0.94  0.96  0.97  0.97
  0.98  0.98  0.98  0.99  0.99  0.99  1.    1.04]
[-0.96  0.18  0.47  0.74  0.79  0.9   0.92  0.93  0.95  0.97  0.97  0.98
  0.98  0.98  0.99  0.99  0.99  0.99  1.    1.04]
[-0.95  0.13  0.58  0.72  0.86  0.88  0.92  0.93  0.95  0.96  0.97  0.97
  0.98  0.98  0.99  0.99  0.99  0.99  1.    1.03]
[-0.95  0.08  0.52  0.74  0.83  0.88  0.91  0.94  0.95  0.96  0.98  0.98
  0.98  0.98  0.99  0.99  0.99  1.    1.02  1.04]
[-0.95  0.16  0.49  0.67  0.83  0.9   0.93  0.94  0.96  0.97  0.98  0.98
  0.98  0.99  0.99  0.99  1.    1.    1.04  1.04]
[-0.94  0.14  0.28  0.72  0.82  0.86  0.93  0.94  0.95  0.97  0.97  0.98
  0.98  0.98  0.99  0.99  0.99  1.    1.    1.06]
[-0.95  0.01  0.48  0.74  0.8   0.88  0.93  0.94  0.95  0.96  0.97  0.97
  0.98  0.98  0.99  0.99  0.99  0.99  1.    1.03]
[-0.94 -0.08  0.41  0.59  0.73  0.87  0.9   0.92  0.94  0.96  0.97  0.97
  0.98  0.99  0.99  0.99  0.99  1.    1.03  1.03]
[-0.96  0.1   0.55  0.79  0.85  0.88  0.93  0.94  0.96  0.96  0.97  0.97
  0.98  0.98  0.99  0.99  0.99  0.99  1.    1.03]
[-0.95 -0.09  0.61  0.68  0.79  0.86  0.91  0.92  0.95  0.96  0.97  0.97
  0.98  0.98  0.99  0.99  0.99  1.    1.    1.01]
[-0.95  0.06  0.56  0.75  0.88  0.88  0.91  0.93  0.94  0.96  0.97  0.97
  0.98  0.98  0.99  0.99  0.99  0.99  1.    1.03]
[-0.95 -0.    0.52  0.74  0.79  0.87  0.9   0.94  0.96  0.97  0.97  0.98
  0.98  0.98  0.99  0.99  0.99  1.    1.01  1.04]
[-0.94 -0.08  0.48  0.53  0.74  0.85  0.9   0.91  0.95  0.96  0.97  0.98
  0.98  0.98  0.99  0.99  0.99  1.    1.03  1.03]
[-0.94  0.03  0.43  0.73  0.82  0.88  0.89  0.94  0.95  0.96  0.97  0.97
  0.98  0.98  0.99  0.99  0.99  0.99  1.    1.04]
[-0.95  0.12  0.47  0.72  0.8   0.89  0.93  0.94  0.95  0.96  0.97  0.98
  0.98  0.98  0.99  0.99  0.99  0.99  1.    1.04]
[-9.48e-01  7.98e-04  4.43e-01  6.01e-01  7.62e-01  8.33e-01  9.10e-01
  9.37e-01  9.57e-01  9.60e-01  9.72e-01  9.79e-01  9.80e-01  9.83e-01
  9.89e-01  9.91e-01  9.95e-01  9.97e-01  1.01e+00  1.04e+00]
[-0.95  0.21  0.5   0.75  0.87  0.89  0.93  0.95  0.95  0.97  0.97  0.98
  0.98  0.98  0.99  0.99  0.99  0.99  1.    1.05]
[-0.94  0.03  0.55  0.7   0.83  0.85  0.9   0.91  0.93  0.96  0.96  0.97
  0.97  0.98  0.99  0.99  0.99  0.99  1.    1.03]
[-0.94  0.09  0.28  0.62  0.79  0.88  0.92  0.94  0.96  0.97  0.98  0.98
  0.99  0.99  0.99  0.99  1.    1.    1.01  1.07]
[-0.95  0.11  0.4   0.72  0.79  0.85  0.9   0.95  0.96  0.96  0.97  0.98
  0.98  0.98  0.99  0.99  0.99  1.    1.    1.05]
[-0.95 -0.04  0.52  0.65  0.71  0.88  0.91  0.93  0.94  0.96  0.97  0.98
  0.98  0.98  0.98  0.99  0.99  1.    1.01  1.03]
[-0.92  0.08  0.22  0.59  0.77  0.89  0.9   0.93  0.95  0.96  0.98  0.98
  0.99  0.99  0.99  0.99  1.    1.01  1.05  1.08]
[-0.95 -0.07  0.54  0.68  0.75  0.86  0.91  0.92  0.94  0.96  0.97  0.97
  0.98  0.98  0.99  0.99  0.99  1.    1.01  1.03]
[-0.95  0.01  0.54  0.7   0.79  0.87  0.9   0.94  0.96  0.97  0.97  0.98
  0.98  0.98  0.99  0.99  0.99  1.    1.02  1.03]
[-0.93  0.13  0.41  0.7   0.86  0.91  0.93  0.94  0.95  0.97  0.98  0.98
  0.98  0.98  0.99  0.99  0.99  1.    1.    1.05]
[-0.94  0.22  0.32  0.6   0.8   0.88  0.9   0.95  0.96  0.97  0.97  0.98
  0.98  0.99  0.99  0.99  1.    1.    1.02  1.05]
[-0.94  0.19  0.25  0.67  0.81  0.86  0.91  0.94  0.96  0.97  0.97  0.98
  0.98  0.99  0.99  0.99  1.    1.    1.01  1.07]
[-0.95  0.18  0.48  0.73  0.87  0.91  0.93  0.94  0.96  0.97  0.98  0.98
  0.98  0.98  0.99  0.99  0.99  0.99  1.    1.04]
[-0.93  0.07  0.46  0.74  0.86  0.9   0.92  0.93  0.94  0.96  0.97  0.97
  0.98  0.98  0.99  0.99  0.99  1.    1.    1.04]
[-0.95 -0.05  0.62  0.7   0.73  0.86  0.91  0.92  0.95  0.96  0.97  0.97
  0.98  0.98  0.99  0.99  0.99  1.    1.    1.02]
[-0.95  0.15  0.4   0.74  0.87  0.89  0.92  0.95  0.96  0.97  0.98  0.98
  0.98  0.98  0.99  0.99  0.99  1.    1.    1.06]
[-0.96  0.13  0.55  0.67  0.79  0.88  0.93  0.94  0.95  0.96  0.97  0.98
  0.98  0.98  0.99  0.99  0.99  1.    1.02  1.03]
[-0.95  0.2   0.47  0.75  0.87  0.89  0.93  0.94  0.96  0.97  0.97  0.98
  0.98  0.99  0.99  0.99  0.99  0.99  1.    1.05]
[-0.95 -0.09  0.5   0.62  0.75  0.85  0.91  0.93  0.95  0.96  0.96  0.97
  0.98  0.98  0.98  0.99  0.99  1.    1.02  1.02]
[-0.92 -0.12  0.55  0.57  0.73  0.82  0.88  0.91  0.94  0.96  0.97  0.98
  0.98  0.98  0.99  0.99  0.99  1.    1.02  1.03]
[-0.95  0.08  0.54  0.69  0.84  0.9   0.93  0.93  0.95  0.96  0.96  0.98
  0.98  0.98  0.99  0.99  0.99  1.    1.    1.03]
[-0.94  0.1   0.57  0.74  0.82  0.88  0.92  0.92  0.95  0.96  0.97  0.97
  0.98  0.99  0.99  0.99  0.99  0.99  1.    1.03]
[-0.95 -0.02  0.42  0.76  0.83  0.86  0.89  0.95  0.96  0.97  0.97  0.98
  0.98  0.98  0.98  0.99  0.99  0.99  1.    1.04]
[-0.95  0.15  0.43  0.71  0.79  0.89  0.93  0.95  0.96  0.96  0.98  0.98
  0.98  0.99  0.99  0.99  0.99  1.    1.01  1.04]
[-0.94  0.03  0.43  0.65  0.8   0.87  0.91  0.93  0.96  0.97  0.97  0.98
  0.98  0.98  0.99  0.99  0.99  1.    1.03  1.05]
[-0.94 -0.03  0.6   0.67  0.81  0.88  0.9   0.92  0.94  0.95  0.97  0.97
  0.98  0.98  0.98  0.99  0.99  1.    1.01  1.03]
[-0.93 -0.1   0.55  0.67  0.71  0.87  0.89  0.91  0.93  0.95  0.97  0.98
  0.98  0.98  0.99  0.99  0.99  1.    1.01  1.03]
[-0.96  0.02  0.54  0.72  0.8   0.89  0.92  0.93  0.95  0.96  0.97  0.98
  0.98  0.98  0.99  0.99  0.99  1.    1.    1.02]
[-0.96  0.16  0.59  0.72  0.85  0.88  0.91  0.94  0.96  0.96  0.98  0.98
  0.98  0.99  0.99  0.99  0.99  1.    1.    1.03]
[-0.95  0.1   0.52  0.69  0.79  0.88  0.92  0.93  0.96  0.96  0.97  0.98
  0.98  0.98  0.99  0.99  0.99  1.    1.01  1.03]
[-0.95 -0.04  0.58  0.7   0.78  0.88  0.92  0.92  0.95  0.96  0.96  0.98
  0.98  0.98  0.99  0.99  0.99  1.    1.01  1.03]
[-0.96 -0.05  0.59  0.78  0.8   0.85  0.9   0.94  0.96  0.97  0.98  0.98
  0.98  0.98  0.99  0.99  0.99  1.    1.    1.03]
[-0.93  0.01  0.57  0.63  0.75  0.82  0.89  0.92  0.94  0.96  0.96  0.98
  0.98  0.99  0.99  0.99  1.    1.    1.01  1.03]
[-0.96  0.11  0.62  0.74  0.84  0.89  0.94  0.94  0.95  0.96  0.97  0.97
  0.98  0.98  0.99  0.99  0.99  0.99  1.    1.03]
[-0.91  0.07  0.29  0.73  0.78  0.9   0.91  0.93  0.95  0.97  0.97  0.98
  0.98  0.99  0.99  0.99  1.    1.01  1.01  1.05]
[-0.93  0.07  0.23  0.73  0.78  0.89  0.92  0.93  0.95  0.96  0.97  0.98
  0.98  0.99  0.99  0.99  0.99  1.    1.01  1.07]
[-0.95 -0.08  0.53  0.69  0.77  0.86  0.89  0.93  0.95  0.96  0.97  0.97
  0.98  0.98  0.99  0.99  0.99  0.99  1.    1.04]
[-0.95  0.15  0.47  0.74  0.83  0.88  0.93  0.95  0.95  0.96  0.97  0.97
  0.98  0.98  0.98  0.99  0.99  0.99  1.    1.03]
[-0.95  0.13  0.44  0.77  0.85  0.89  0.93  0.94  0.95  0.97  0.97  0.97
  0.98  0.98  0.99  0.99  0.99  0.99  1.    1.04]
[-0.96  0.11  0.49  0.68  0.8   0.83  0.92  0.94  0.95  0.96  0.97  0.97
  0.98  0.98  0.98  0.99  0.99  0.99  1.    1.04]
[-0.94  0.08  0.5   0.75  0.82  0.86  0.91  0.92  0.94  0.96  0.96  0.97
  0.98  0.99  0.99  0.99  0.99  0.99  1.    1.03]
[-0.94 -0.04  0.41  0.75  0.8   0.87  0.9   0.94  0.96  0.96  0.97  0.98
  0.98  0.98  0.99  0.99  1.    1.    1.01  1.04]
[-0.96  0.16  0.46  0.71  0.79  0.89  0.93  0.94  0.95  0.96  0.97  0.98
  0.98  0.98  0.99  0.99  0.99  0.99  1.    1.04]
[-0.93  0.24  0.38  0.51  0.77  0.86  0.89  0.96  0.97  0.97  0.97  0.98
  0.99  0.99  0.99  1.    1.    1.01  1.03  1.05]
[-0.95  0.02  0.47  0.75  0.81  0.89  0.9   0.94  0.96  0.97  0.97  0.98
  0.98  0.98  0.99  0.99  0.99  1.    1.01  1.04]
[-0.95  0.06  0.58  0.74  0.81  0.89  0.92  0.94  0.95  0.96  0.97  0.97
  0.98  0.98  0.99  0.99  0.99  1.    1.01  1.03]
[-0.95  0.04  0.64  0.71  0.82  0.88  0.9   0.92  0.95  0.96  0.97  0.98
  0.98  0.99  0.99  0.99  0.99  1.    1.02  1.04]
[-0.94  0.1   0.47  0.69  0.74  0.87  0.91  0.93  0.95  0.96  0.97  0.98
  0.98  0.98  0.99  0.99  0.99  1.    1.    1.04]
[-0.95  0.09  0.64  0.71  0.89  0.89  0.92  0.93  0.95  0.96  0.97  0.97
  0.98  0.99  0.99  0.99  0.99  1.    1.01  1.03]
[-0.95  0.09  0.49  0.72  0.87  0.88  0.91  0.93  0.94  0.96  0.97  0.97
  0.98  0.98  0.99  0.99  0.99  0.99  1.    1.04]
[-0.96  0.18  0.47  0.74  0.81  0.89  0.93  0.94  0.94  0.96  0.97  0.98
  0.98  0.98  0.99  0.99  0.99  0.99  1.    1.03]
[-0.95  0.14  0.55  0.72  0.85  0.89  0.92  0.94  0.96  0.97  0.97  0.98
  0.98  0.98  0.99  0.99  0.99  1.    1.01  1.04]
[-0.95  0.24  0.42  0.64  0.84  0.88  0.93  0.94  0.96  0.97  0.97  0.98
  0.98  0.98  0.99  0.99  0.99  1.    1.01  1.05]
[-0.94  0.18  0.49  0.79  0.88  0.92  0.94  0.94  0.95  0.97  0.97  0.98
  0.98  0.99  0.99  0.99  0.99  1.    1.    1.04]
[-0.94 -0.08  0.6   0.7   0.71  0.87  0.9   0.91  0.93  0.95  0.97  0.98
  0.98  0.98  0.99  0.99  1.    1.    1.01  1.02]
[-0.95  0.14  0.59  0.75  0.88  0.92  0.93  0.94  0.95  0.96  0.97  0.97
  0.98  0.98  0.99  0.99  0.99  0.99  1.    1.03]
[-0.94  0.07  0.42  0.73  0.79  0.9   0.92  0.95  0.95  0.96  0.98  0.98
  0.98  0.99  0.99  0.99  0.99  1.    1.    1.04]
[-0.93  0.16  0.29  0.64  0.81  0.88  0.92  0.94  0.96  0.97  0.97  0.98
  0.98  0.99  0.99  0.99  1.    1.    1.02  1.05]
[-0.94 -0.05  0.49  0.68  0.8   0.88  0.91  0.93  0.93  0.96  0.97  0.98
  0.98  0.98  0.98  0.99  0.99  1.    1.01  1.03]
[-0.94  0.07  0.55  0.71  0.82  0.88  0.93  0.93  0.95  0.97  0.97  0.97
  0.98  0.98  0.99  0.99  0.99  0.99  1.    1.03]
[-0.96  0.06  0.45  0.73  0.79  0.82  0.93  0.94  0.96  0.97  0.97  0.98
  0.98  0.99  0.99  0.99  0.99  1.    1.    1.04]
[-0.95  0.07  0.63  0.7   0.86  0.89  0.93  0.93  0.95  0.96  0.96  0.97
  0.98  0.98  0.99  0.99  0.99  1.    1.01  1.02]
[-0.96  0.23  0.39  0.65  0.82  0.85  0.94  0.94  0.96  0.97  0.98  0.98
  0.98  0.99  0.99  0.99  0.99  1.    1.    1.05]
[-0.95  0.27  0.38  0.72  0.85  0.9   0.93  0.94  0.96  0.96  0.97  0.98
  0.98  0.98  0.99  0.99  0.99  1.    1.    1.06]
[-0.94  0.12  0.46  0.66  0.81  0.91  0.93  0.93  0.95  0.96  0.97  0.97
  0.98  0.98  0.99  0.99  0.99  1.    1.02  1.04]
[-0.95  0.2   0.4   0.58  0.84  0.87  0.92  0.93  0.96  0.97  0.98  0.98
  0.99  0.99  0.99  0.99  1.    1.    1.02  1.06]
[-0.96  0.25  0.46  0.79  0.84  0.92  0.93  0.95  0.96  0.97  0.97  0.98
  0.98  0.99  0.99  0.99  0.99  1.    1.    1.04]
[-0.96  0.11  0.62  0.76  0.86  0.88  0.91  0.93  0.94  0.96  0.96  0.97
  0.98  0.98  0.99  0.99  0.99  0.99  1.    1.03]
[-0.96  0.05  0.55  0.76  0.81  0.87  0.91  0.94  0.95  0.96  0.97  0.98
  0.98  0.98  0.99  0.99  0.99  0.99  1.    1.04]
[-0.96  0.03  0.62  0.74  0.79  0.88  0.92  0.93  0.95  0.96  0.97  0.97
  0.98  0.98  0.98  0.99  0.99  1.    1.01  1.03]
[-0.93  0.09  0.41  0.69  0.82  0.87  0.91  0.92  0.96  0.96  0.97  0.97
  0.98  0.99  0.99  0.99  1.    1.    1.01  1.04]
[-0.94  0.    0.44  0.64  0.76  0.88  0.91  0.93  0.95  0.96  0.97  0.98
  0.98  0.98  0.99  0.99  0.99  0.99  1.    1.03]
[-0.94  0.09  0.45  0.66  0.74  0.88  0.89  0.94  0.95  0.96  0.97  0.98
  0.98  0.98  0.99  0.99  0.99  1.    1.02  1.04]
[-0.95  0.1   0.53  0.67  0.79  0.88  0.92  0.92  0.95  0.96  0.97  0.98
  0.98  0.98  0.99  0.99  0.99  1.    1.01  1.03]
[-0.94  0.18  0.52  0.78  0.87  0.91  0.93  0.94  0.96  0.96  0.97  0.98
  0.99  0.99  0.99  0.99  0.99  1.    1.    1.04]
[-0.97 -0.12  0.55  0.72  0.75  0.85  0.89  0.91  0.94  0.95  0.96  0.96
  0.98  0.98  0.98  0.99  0.99  0.99  1.    1.  ]
[-0.93  0.18  0.3   0.55  0.85  0.88  0.91  0.92  0.97  0.97  0.98  0.98
  0.99  0.99  0.99  0.99  1.    1.02  1.05  1.08]
[-0.94  0.06  0.56  0.73  0.83  0.88  0.91  0.92  0.95  0.96  0.96  0.97
  0.97  0.98  0.99  0.99  0.99  0.99  1.    1.03]
[-0.94 -0.04  0.65  0.72  0.78  0.87  0.9   0.92  0.94  0.96  0.97  0.98
  0.98  0.98  0.99  0.99  0.99  1.    1.01  1.02]
[-0.93  0.12  0.4   0.73  0.81  0.88  0.92  0.93  0.96  0.96  0.97  0.98
  0.98  0.99  0.99  0.99  1.    1.    1.    1.04]
[-0.94 -0.12  0.58  0.67  0.76  0.83  0.9   0.91  0.94  0.96  0.97  0.97
  0.98  0.98  0.98  0.99  0.99  1.    1.01  1.02]
[-0.94  0.15  0.43  0.74  0.79  0.89  0.91  0.93  0.95  0.97  0.97  0.98
  0.98  0.98  0.99  0.99  0.99  1.    1.    1.04]
[-0.9   0.07  0.25  0.71  0.83  0.92  0.94  0.94  0.96  0.97  0.98  0.98
  0.99  0.99  0.99  0.99  1.    1.    1.02  1.1 ]
[-0.96  0.24  0.36  0.57  0.79  0.86  0.93  0.95  0.95  0.97  0.98  0.98
  0.98  0.99  0.99  0.99  1.    1.    1.    1.05]
[-0.95  0.01  0.56  0.76  0.78  0.88  0.92  0.92  0.94  0.96  0.96  0.97
  0.97  0.98  0.99  0.99  0.99  0.99  1.    1.03]
[-0.96  0.07  0.44  0.8   0.82  0.86  0.92  0.94  0.96  0.97  0.97  0.98
  0.98  0.98  0.99  0.99  0.99  0.99  1.    1.04]
[-0.95  0.15  0.48  0.73  0.88  0.89  0.92  0.94  0.95  0.96  0.97  0.98
  0.98  0.98  0.99  0.99  0.99  1.    1.    1.04]
[-0.94  0.1   0.54  0.65  0.86  0.9   0.92  0.93  0.95  0.96  0.97  0.98
  0.98  0.98  0.99  0.99  0.99  1.    1.01  1.04]
[-0.95  0.01  0.46  0.71  0.8   0.86  0.91  0.94  0.95  0.96  0.96  0.97
  0.98  0.98  0.99  0.99  0.99  0.99  1.    1.04]
[-0.93  0.09  0.39  0.69  0.74  0.89  0.89  0.94  0.96  0.96  0.97  0.98
  0.98  0.99  0.99  0.99  1.    1.    1.02  1.05]
[-0.94  0.19  0.4   0.72  0.81  0.87  0.92  0.94  0.95  0.96  0.98  0.98
  0.98  0.98  0.99  0.99  0.99  0.99  1.    1.06]
[-0.96 -0.15  0.63  0.72  0.81  0.87  0.9   0.92  0.95  0.96  0.97  0.97
  0.98  0.99  0.99  0.99  0.99  1.    1.    1.02]
[-0.94  0.07  0.54  0.7   0.81  0.89  0.92  0.93  0.94  0.95  0.96  0.97
  0.98  0.98  0.99  0.99  0.99  1.    1.01  1.03]
[-0.95 -0.02  0.4   0.64  0.72  0.88  0.92  0.93  0.94  0.95  0.97  0.98
  0.98  0.98  0.99  0.99  0.99  1.    1.03  1.04]
[-0.94 -0.03  0.55  0.7   0.75  0.85  0.91  0.91  0.95  0.96  0.96  0.98
  0.98  0.98  0.98  0.99  0.99  1.    1.01  1.02]
[-0.94  0.13  0.56  0.72  0.87  0.9   0.93  0.94  0.96  0.96  0.97  0.97
  0.98  0.98  0.99  0.99  0.99  0.99  1.    1.03]
[-0.94  0.16  0.24  0.63  0.81  0.84  0.9   0.94  0.96  0.97  0.97  0.98
  0.99  0.99  0.99  0.99  1.    1.    1.02  1.07]
[-0.93 -0.01  0.39  0.69  0.72  0.86  0.89  0.92  0.95  0.96  0.97  0.98
  0.98  0.99  0.99  0.99  1.    1.    1.01  1.04]
[-0.95  0.12  0.62  0.75  0.87  0.9   0.92  0.93  0.96  0.96  0.97  0.98
  0.98  0.99  0.99  0.99  0.99  0.99  1.    1.03]
[-0.95  0.09  0.37  0.75  0.82  0.89  0.92  0.93  0.95  0.96  0.96  0.97
  0.98  0.98  0.99  0.99  0.99  0.99  1.    1.05]
[-0.95  0.13  0.46  0.67  0.79  0.89  0.91  0.95  0.96  0.97  0.97  0.98
  0.98  0.98  0.99  0.99  0.99  1.    1.01  1.04]
[-0.94  0.11  0.42  0.76  0.87  0.89  0.91  0.94  0.96  0.97  0.97  0.98
  0.98  0.99  0.99  0.99  0.99  0.99  1.    1.06]
[-0.94  0.11  0.35  0.54  0.76  0.87  0.9   0.93  0.96  0.97  0.98  0.98
  0.98  0.99  0.99  0.99  0.99  1.    1.04  1.05]
[-0.95  0.17  0.48  0.75  0.85  0.9   0.93  0.94  0.95  0.96  0.97  0.97
  0.98  0.98  0.99  0.99  0.99  0.99  1.    1.04]
[-0.92 -0.06  0.61  0.67  0.75  0.84  0.89  0.92  0.94  0.96  0.97  0.98
  0.98  0.98  0.99  0.99  1.    1.    1.02  1.02]
[-0.93  0.03  0.6   0.66  0.77  0.83  0.89  0.93  0.94  0.96  0.96  0.97
  0.98  0.98  0.99  0.99  1.    1.    1.    1.03]
[-0.95  0.2   0.31  0.74  0.84  0.89  0.93  0.95  0.97  0.97  0.97  0.98
  0.98  0.99  0.99  0.99  0.99  1.    1.    1.06]
[-0.95  0.11  0.47  0.72  0.84  0.89  0.91  0.93  0.94  0.96  0.97  0.97
  0.98  0.98  0.99  0.99  0.99  0.99  1.    1.03]
[-0.95  0.07  0.58  0.75  0.86  0.87  0.92  0.93  0.96  0.96  0.97  0.97
  0.98  0.98  0.99  0.99  0.99  0.99  1.    1.03]
[-0.92  0.2   0.26  0.59  0.79  0.89  0.92  0.95  0.96  0.97  0.98  0.98
  0.99  0.99  0.99  1.    1.    1.01  1.04  1.07]
[-0.91  0.05  0.16  0.68  0.81  0.89  0.92  0.93  0.94  0.96  0.97  0.98
  0.98  0.98  0.99  0.99  0.99  1.    1.01  1.07]
[-0.93  0.01  0.52  0.67  0.75  0.82  0.88  0.92  0.95  0.96  0.97  0.97
  0.98  0.99  0.99  0.99  1.    1.    1.02  1.03]
[-0.94  0.07  0.46  0.72  0.77  0.89  0.9   0.92  0.95  0.96  0.97  0.97
  0.98  0.98  0.99  0.99  0.99  1.    1.    1.03]
[-0.93  0.14  0.35  0.69  0.77  0.9   0.93  0.94  0.95  0.96  0.97  0.98
  0.98  0.99  0.99  0.99  1.    1.    1.04  1.06]
[-0.95  0.06  0.61  0.73  0.86  0.88  0.93  0.93  0.95  0.96  0.96  0.97
  0.98  0.98  0.99  0.99  0.99  1.    1.    1.02]
[-0.94 -0.04  0.43  0.73  0.78  0.87  0.9   0.94  0.96  0.97  0.97  0.98
  0.98  0.98  0.99  0.99  0.99  1.    1.03  1.04]
[-0.95  0.14  0.49  0.59  0.81  0.87  0.9   0.93  0.96  0.97  0.97  0.98
  0.98  0.99  0.99  0.99  1.    1.    1.03  1.05]
[-0.95  0.08  0.54  0.74  0.85  0.88  0.92  0.94  0.95  0.96  0.96  0.97
  0.98  0.98  0.99  0.99  0.99  0.99  1.    1.03]
[-0.95  0.17  0.4   0.57  0.79  0.88  0.91  0.94  0.97  0.97  0.98  0.98
  0.98  0.99  0.99  0.99  1.    1.    1.01  1.04]
[-0.95  0.2   0.39  0.71  0.84  0.87  0.93  0.94  0.96  0.97  0.97  0.98
  0.98  0.98  0.99  0.99  0.99  1.    1.    1.04]
[-0.94  0.06  0.33  0.66  0.79  0.87  0.92  0.94  0.95  0.96  0.97  0.98
  0.98  0.99  0.99  0.99  0.99  1.    1.01  1.05]
[-0.93  0.14  0.32  0.72  0.82  0.91  0.91  0.94  0.97  0.97  0.98  0.98
  0.98  0.99  0.99  0.99  1.    1.01  1.03  1.07]
[-0.95  0.06  0.48  0.73  0.79  0.89  0.93  0.93  0.95  0.96  0.97  0.97
  0.98  0.98  0.99  0.99  0.99  1.    1.    1.04]
[-0.95 -0.03  0.57  0.7   0.81  0.86  0.91  0.92  0.94  0.95  0.96  0.97
  0.98  0.98  0.98  0.99  0.99  0.99  1.    1.03]
[-0.96 -0.04  0.58  0.76  0.8   0.85  0.91  0.95  0.96  0.97  0.97  0.98
  0.98  0.99  0.99  0.99  0.99  0.99  1.    1.02]
[-0.95  0.09  0.58  0.77  0.82  0.9   0.92  0.93  0.95  0.96  0.97  0.97
  0.97  0.99  0.99  0.99  0.99  0.99  1.    1.03]
[-0.95  0.04  0.5   0.73  0.8   0.88  0.92  0.93  0.94  0.96  0.97  0.97
  0.98  0.99  0.99  0.99  0.99  1.    1.01  1.04]
[-0.95  0.03  0.54  0.7   0.77  0.89  0.91  0.94  0.95  0.97  0.97  0.97
  0.98  0.98  0.99  0.99  0.99  1.    1.04  1.05]
[-0.93  0.03  0.24  0.76  0.83  0.86  0.88  0.96  0.97  0.97  0.97  0.98
  0.98  0.99  0.99  0.99  1.    1.    1.01  1.07]
[-0.95  0.14  0.34  0.66  0.79  0.89  0.93  0.94  0.96  0.97  0.97  0.98
  0.98  0.98  0.99  0.99  0.99  1.    1.    1.05]
[-0.91  0.11  0.24  0.48  0.79  0.88  0.89  0.96  0.97  0.97  0.97  0.98
  0.98  0.99  0.99  1.    1.    1.01  1.06  1.07]
[-0.91  0.03  0.26  0.69  0.8   0.88  0.91  0.92  0.96  0.97  0.98  0.98
  0.98  0.98  0.99  0.99  1.    1.    1.04  1.08]
[-0.97  0.21  0.48  0.74  0.8   0.88  0.93  0.94  0.95  0.96  0.97  0.97
  0.98  0.98  0.99  0.99  0.99  0.99  1.    1.03]
[-0.94  0.11  0.45  0.62  0.82  0.9   0.92  0.94  0.95  0.97  0.97  0.98
  0.98  0.99  0.99  0.99  1.    1.    1.04  1.06]
[-0.94  0.09  0.4   0.71  0.77  0.87  0.91  0.93  0.93  0.96  0.97  0.98
  0.98  0.98  0.99  0.99  0.99  0.99  1.    1.03]
[-0.96  0.14  0.46  0.72  0.83  0.87  0.94  0.95  0.96  0.97  0.97  0.98
  0.98  0.98  0.99  0.99  0.99  0.99  1.    1.04]
[-0.94  0.16  0.57  0.77  0.88  0.9   0.93  0.95  0.96  0.96  0.97  0.97
  0.98  0.99  0.99  0.99  0.99  1.    1.    1.03]
[-0.95  0.08  0.48  0.73  0.81  0.88  0.92  0.95  0.96  0.96  0.97  0.97
  0.98  0.98  0.99  0.99  0.99  0.99  1.    1.04]
[-0.95  0.06  0.54  0.75  0.84  0.89  0.91  0.93  0.95  0.96  0.96  0.97
  0.98  0.98  0.99  0.99  0.99  1.    1.    1.04]
[-0.95  0.04  0.63  0.76  0.84  0.89  0.92  0.93  0.94  0.96  0.96  0.97
  0.98  0.98  0.99  0.99  0.99  0.99  1.    1.02]
[-0.96 -0.08  0.61  0.72  0.79  0.85  0.9   0.94  0.96  0.97  0.97  0.98
  0.98  0.98  0.99  0.99  0.99  1.    1.01  1.02]
[-0.94  0.17  0.44  0.7   0.87  0.92  0.94  0.94  0.96  0.96  0.97  0.98
  0.98  0.99  0.99  0.99  0.99  1.    1.    1.05]
[-0.94 -0.01  0.46  0.63  0.77  0.87  0.89  0.93  0.96  0.96  0.97  0.98
  0.98  0.99  0.99  0.99  1.    1.    1.04  1.05]
[-0.95  0.09  0.48  0.68  0.81  0.85  0.91  0.94  0.95  0.96  0.97  0.98
  0.98  0.98  0.99  0.99  0.99  1.    1.01  1.04]
[-0.94  0.15  0.34  0.71  0.82  0.9   0.93  0.93  0.94  0.96  0.97  0.98
  0.98  0.99  0.99  0.99  0.99  0.99  1.    1.05]
[-0.94  0.14  0.32  0.75  0.85  0.86  0.91  0.95  0.96  0.97  0.98  0.98
  0.98  0.99  0.99  0.99  0.99  0.99  1.    1.06]
[-0.94 -0.06  0.45  0.62  0.74  0.85  0.91  0.93  0.94  0.96  0.97  0.97
  0.98  0.98  0.99  0.99  1.    1.    1.01  1.02]
[-0.95  0.18  0.5   0.77  0.88  0.89  0.93  0.94  0.95  0.97  0.97  0.98
  0.98  0.98  0.99  0.99  0.99  0.99  1.    1.04]
[-0.93  0.07  0.47  0.69  0.81  0.87  0.9   0.92  0.95  0.96  0.97  0.98
  0.98  0.99  0.99  0.99  0.99  1.    1.    1.03]
[-0.92  0.1   0.17  0.6   0.82  0.85  0.9   0.93  0.97  0.97  0.97  0.98
  0.98  0.99  0.99  0.99  1.    1.    1.01  1.08]
[-0.94  0.13  0.31  0.69  0.79  0.9   0.92  0.94  0.95  0.96  0.97  0.97
  0.98  0.99  0.99  0.99  0.99  1.    1.    1.05]
[-0.96  0.03  0.66  0.73  0.85  0.89  0.91  0.93  0.96  0.96  0.97  0.98
  0.98  0.99  0.99  0.99  0.99  1.    1.02  1.02]
[-0.95  0.12  0.59  0.75  0.87  0.91  0.93  0.93  0.95  0.96  0.97  0.97
  0.98  0.98  0.99  0.99  0.99  0.99  1.    1.03]
[-0.95  0.02  0.5   0.72  0.77  0.87  0.91  0.94  0.95  0.96  0.97  0.97
  0.98  0.98  0.99  0.99  0.99  0.99  1.    1.03]
[-0.95  0.27  0.4   0.59  0.81  0.86  0.91  0.96  0.97  0.98  0.98  0.99
  0.99  0.99  0.99  0.99  1.    1.01  1.03  1.05]
[-0.93  0.04  0.38  0.71  0.79  0.89  0.91  0.93  0.95  0.97  0.97  0.97
  0.98  0.99  0.99  0.99  0.99  1.    1.01  1.04]
[-0.95  0.04  0.6   0.73  0.79  0.88  0.92  0.93  0.95  0.96  0.97  0.98
  0.98  0.98  0.99  0.99  0.99  1.    1.02  1.02]
[-0.91  0.1   0.23  0.53  0.7   0.87  0.91  0.95  0.95  0.97  0.98  0.98
  0.98  0.99  0.99  1.    1.    1.01  1.05  1.07]
[-0.94  0.13  0.49  0.64  0.78  0.89  0.91  0.93  0.96  0.97  0.98  0.98
  0.98  0.98  0.99  0.99  1.    1.    1.03  1.04]
[-0.94 -0.08  0.58  0.72  0.73  0.87  0.9   0.93  0.94  0.96  0.97  0.97
  0.98  0.98  0.99  0.99  0.99  1.    1.01  1.03]
[-0.93  0.21  0.25  0.63  0.81  0.91  0.91  0.93  0.96  0.97  0.98  0.98
  0.98  0.99  0.99  0.99  1.    1.    1.02  1.06]
[-0.95  0.14  0.53  0.64  0.86  0.91  0.92  0.93  0.95  0.97  0.97  0.98
  0.98  0.99  0.99  0.99  0.99  1.    1.01  1.04]
[-0.95 -0.15  0.55  0.69  0.77  0.84  0.9   0.93  0.94  0.96  0.97  0.97
  0.98  0.98  0.99  0.99  0.99  1.    1.    1.  ]
[-0.95  0.12  0.58  0.69  0.83  0.9   0.91  0.93  0.95  0.97  0.97  0.98
  0.98  0.98  0.99  0.99  0.99  1.    1.01  1.03]
[-0.95  0.12  0.56  0.73  0.83  0.88  0.91  0.93  0.96  0.96  0.96  0.97
  0.98  0.98  0.99  0.99  0.99  1.    1.01  1.03]
[-0.94  0.11  0.35  0.66  0.82  0.87  0.9   0.93  0.96  0.97  0.97  0.98
  0.98  0.98  0.99  0.99  0.99  1.    1.05  1.06]
[-0.96  0.14  0.45  0.73  0.82  0.86  0.94  0.94  0.96  0.96  0.97  0.98
  0.98  0.99  0.99  0.99  0.99  0.99  1.    1.04]
[-0.96 -0.03  0.54  0.77  0.8   0.86  0.9   0.94  0.95  0.97  0.97  0.97
  0.98  0.98  0.99  0.99  0.99  1.    1.01  1.04]
[-0.95  0.17  0.41  0.66  0.8   0.83  0.93  0.94  0.96  0.97  0.97  0.98
  0.98  0.98  0.99  0.99  0.99  1.    1.    1.04]
[-0.96  0.08  0.46  0.7   0.81  0.84  0.9   0.94  0.96  0.97  0.97  0.98
  0.98  0.99  0.99  0.99  0.99  1.    1.    1.05]
[-0.94  0.19  0.42  0.75  0.86  0.9   0.91  0.95  0.96  0.97  0.97  0.98
  0.98  0.99  0.99  0.99  0.99  1.    1.    1.06]
[-0.95  0.01  0.59  0.66  0.8   0.88  0.9   0.92  0.95  0.97  0.97  0.98
  0.98  0.99  0.99  0.99  0.99  1.    1.03  1.04]
[-0.96  0.13  0.51  0.74  0.84  0.87  0.93  0.94  0.96  0.97  0.97  0.97
  0.98  0.98  0.99  0.99  0.99  0.99  1.    1.04]
[-0.94 -0.07  0.55  0.66  0.68  0.86  0.9   0.91  0.93  0.95  0.97  0.98
  0.98  0.98  0.99  0.99  1.    1.    1.02  1.03]
[-0.95  0.13  0.55  0.79  0.89  0.9   0.93  0.93  0.95  0.96  0.97  0.97
  0.98  0.98  0.99  0.99  0.99  1.    1.    1.03]
[-0.93  0.14  0.43  0.72  0.86  0.92  0.93  0.94  0.96  0.96  0.96  0.98
  0.99  0.99  0.99  0.99  0.99  1.    1.01  1.05]
[-0.94  0.22  0.33  0.65  0.81  0.9   0.92  0.94  0.95  0.96  0.97  0.98
  0.98  0.98  0.99  0.99  0.99  1.    1.02  1.06]
[-0.94  0.15  0.33  0.76  0.83  0.89  0.93  0.94  0.96  0.97  0.97  0.97
  0.98  0.99  0.99  0.99  0.99  1.    1.    1.06]
[-0.94  0.12  0.42  0.75  0.86  0.89  0.91  0.95  0.96  0.97  0.97  0.98
  0.98  0.98  0.99  0.99  0.99  1.    1.    1.05]
[-0.93  0.09  0.4   0.55  0.78  0.87  0.9   0.93  0.96  0.97  0.98  0.98
  0.98  0.98  0.99  0.99  0.99  1.    1.03  1.05]
[-0.94  0.09  0.47  0.75  0.82  0.89  0.92  0.95  0.95  0.96  0.97  0.98
  0.98  0.99  0.99  0.99  0.99  1.    1.02  1.04]
[-0.94  0.17  0.46  0.51  0.81  0.88  0.91  0.93  0.97  0.97  0.98  0.98
  0.98  0.99  0.99  0.99  1.    1.    1.04  1.06]
[-0.96 -0.03  0.46  0.68  0.79  0.83  0.9   0.94  0.96  0.97  0.97  0.98
  0.99  0.99  0.99  0.99  0.99  1.    1.    1.03]
[-0.95  0.08  0.65  0.72  0.85  0.88  0.92  0.93  0.94  0.96  0.96  0.97
  0.98  0.98  0.99  0.99  0.99  0.99  1.    1.03]
